<?xml version="1.0" encoding="UTF-8"?>
<testng-results ignored="0" total="1" passed="1" failed="0" skipped="0">
  <reporter-output>
  </reporter-output>
  <suite started-at="2022-04-11T12:54:59 IST" name="Default suite" finished-at="2022-04-11T12:55:16 IST" duration-ms="16815">
    <groups>
    </groups>
    <test started-at="2022-04-11T12:54:59 IST" name="Default test" finished-at="2022-04-11T12:55:16 IST" duration-ms="16815">
      <class name="group1_art.TestCases">
        <test-method signature="login(java.lang.String,java.lang.String)[pri:0, instance:group1_art.TestCases@6404f418]" started-at="2022-04-11T12:54:59 IST" name="login" data-provider="login" finished-at="2022-04-11T12:55:16 IST" duration-ms="16757" status="PASS">
          <params>
            <param index="0">
              <value>
                <![CDATA[abcdef202122@gmail.com]]>
              </value>
            </param>
            <param index="1">
              <value>
                <![CDATA[abcdef]]>
              </value>
            </param>
          </params>
          <reporter-output>
          </reporter-output>
        </test-method> <!-- login -->
      </class> <!-- group1_art.TestCases -->
    </test> <!-- Default test -->
  </suite> <!-- Default suite -->
</testng-results>
